Checking whether the ASM compiler is GNU using "--version" did not match "(GNU assembler)|(GCC)|(Free Software Foundation)":
Apple clang version 12.0.0 (clang-1200.0.32.29)
Target: x86_64-apple-darwin19.6.0
Thread model: posix
InstalledDir: /Applications/Xcode.app/Contents/Developer/Toolchains/XcodeDefault.xctoolchain/usr/bin
Determining if the include file link.h exists failed with the following output:
Change Dir: /Users/peyton/UROP/CloudCompiler/llvm-project/min_build/CMakeFiles/CMakeTmp

Run Build Command(s):/usr/bin/make cmTC_ce287/fast && /Applications/Xcode.app/Contents/Developer/usr/bin/make  -f CMakeFiles/cmTC_ce287.dir/build.make CMakeFiles/cmTC_ce287.dir/build
Building C object CMakeFiles/cmTC_ce287.dir/CheckIncludeFile.c.o
/Applications/Xcode.app/Contents/Developer/Toolchains/XcodeDefault.xctoolchain/usr/bin/cc   -isysroot /Applications/Xcode.app/Contents/Developer/Platforms/MacOSX.platform/Developer/SDKs/MacOSX11.1.sdk -mmacosx-version-min=10.15 -o CMakeFiles/cmTC_ce287.dir/CheckIncludeFile.c.o -c /Users/peyton/UROP/CloudCompiler/llvm-project/min_build/CMakeFiles/CMakeTmp/CheckIncludeFile.c
/Users/peyton/UROP/CloudCompiler/llvm-project/min_build/CMakeFiles/CMakeTmp/CheckIncludeFile.c:1:10: fatal error: 'link.h' file not found
#include <link.h>
         ^~~~~~~~
1 error generated.
make[1]: *** [CMakeFiles/cmTC_ce287.dir/CheckIncludeFile.c.o] Error 1
make: *** [cmTC_ce287/fast] Error 2



Determining if the include file valgrind/valgrind.h exists failed with the following output:
Change Dir: /Users/peyton/UROP/CloudCompiler/llvm-project/min_build/CMakeFiles/CMakeTmp

Run Build Command(s):/usr/bin/make cmTC_315f1/fast && /Applications/Xcode.app/Contents/Developer/usr/bin/make  -f CMakeFiles/cmTC_315f1.dir/build.make CMakeFiles/cmTC_315f1.dir/build
Building C object CMakeFiles/cmTC_315f1.dir/CheckIncludeFile.c.o
/Applications/Xcode.app/Contents/Developer/Toolchains/XcodeDefault.xctoolchain/usr/bin/cc   -isysroot /Applications/Xcode.app/Contents/Developer/Platforms/MacOSX.platform/Developer/SDKs/MacOSX11.1.sdk -mmacosx-version-min=10.15 -o CMakeFiles/cmTC_315f1.dir/CheckIncludeFile.c.o -c /Users/peyton/UROP/CloudCompiler/llvm-project/min_build/CMakeFiles/CMakeTmp/CheckIncludeFile.c
/Users/peyton/UROP/CloudCompiler/llvm-project/min_build/CMakeFiles/CMakeTmp/CheckIncludeFile.c:1:10: fatal error: 'valgrind/valgrind.h' file not found
#include <valgrind/valgrind.h>
         ^~~~~~~~~~~~~~~~~~~~~
1 error generated.
make[1]: *** [CMakeFiles/cmTC_315f1.dir/CheckIncludeFile.c.o] Error 1
make: *** [cmTC_315f1/fast] Error 2



Determining if the include file CrashReporterClient.h exists failed with the following output:
Change Dir: /Users/peyton/UROP/CloudCompiler/llvm-project/min_build/CMakeFiles/CMakeTmp

Run Build Command(s):/usr/bin/make cmTC_dfa3d/fast && /Applications/Xcode.app/Contents/Developer/usr/bin/make  -f CMakeFiles/cmTC_dfa3d.dir/build.make CMakeFiles/cmTC_dfa3d.dir/build
Building C object CMakeFiles/cmTC_dfa3d.dir/CheckIncludeFile.c.o
/Applications/Xcode.app/Contents/Developer/Toolchains/XcodeDefault.xctoolchain/usr/bin/cc   -isysroot /Applications/Xcode.app/Contents/Developer/Platforms/MacOSX.platform/Developer/SDKs/MacOSX11.1.sdk -mmacosx-version-min=10.15 -o CMakeFiles/cmTC_dfa3d.dir/CheckIncludeFile.c.o -c /Users/peyton/UROP/CloudCompiler/llvm-project/min_build/CMakeFiles/CMakeTmp/CheckIncludeFile.c
/Users/peyton/UROP/CloudCompiler/llvm-project/min_build/CMakeFiles/CMakeTmp/CheckIncludeFile.c:1:10: fatal error: 'CrashReporterClient.h' file not found
#include <CrashReporterClient.h>
         ^~~~~~~~~~~~~~~~~~~~~~~
1 error generated.
make[1]: *** [CMakeFiles/cmTC_dfa3d.dir/CheckIncludeFile.c.o] Error 1
make: *** [cmTC_dfa3d/fast] Error 2



Determining if the function clock_gettime exists in the rt failed with the following output:
Change Dir: /Users/peyton/UROP/CloudCompiler/llvm-project/min_build/CMakeFiles/CMakeTmp

Run Build Command(s):/usr/bin/make cmTC_7ab0c/fast && /Applications/Xcode.app/Contents/Developer/usr/bin/make  -f CMakeFiles/cmTC_7ab0c.dir/build.make CMakeFiles/cmTC_7ab0c.dir/build
Building C object CMakeFiles/cmTC_7ab0c.dir/CheckFunctionExists.c.o
/Applications/Xcode.app/Contents/Developer/Toolchains/XcodeDefault.xctoolchain/usr/bin/cc   -DCHECK_FUNCTION_EXISTS=clock_gettime -isysroot /Applications/Xcode.app/Contents/Developer/Platforms/MacOSX.platform/Developer/SDKs/MacOSX11.1.sdk -mmacosx-version-min=10.15 -o CMakeFiles/cmTC_7ab0c.dir/CheckFunctionExists.c.o -c /Applications/CMake.app/Contents/share/cmake-3.19/Modules/CheckFunctionExists.c
Linking C executable cmTC_7ab0c
/Applications/CMake.app/Contents/bin/cmake -E cmake_link_script CMakeFiles/cmTC_7ab0c.dir/link.txt --verbose=1
/Applications/Xcode.app/Contents/Developer/Toolchains/XcodeDefault.xctoolchain/usr/bin/cc  -DCHECK_FUNCTION_EXISTS=clock_gettime -isysroot /Applications/Xcode.app/Contents/Developer/Platforms/MacOSX.platform/Developer/SDKs/MacOSX11.1.sdk -mmacosx-version-min=10.15 -Wl,-search_paths_first -Wl,-headerpad_max_install_names CMakeFiles/cmTC_7ab0c.dir/CheckFunctionExists.c.o -o cmTC_7ab0c  -lrt 
ld: library not found for -lrt
clang: error: linker command failed with exit code 1 (use -v to see invocation)
make[1]: *** [cmTC_7ab0c] Error 1
make: *** [cmTC_7ab0c/fast] Error 2



Determining if the function pfm_initialize exists in the pfm failed with the following output:
Change Dir: /Users/peyton/UROP/CloudCompiler/llvm-project/min_build/CMakeFiles/CMakeTmp

Run Build Command(s):/usr/bin/make cmTC_56ba7/fast && /Applications/Xcode.app/Contents/Developer/usr/bin/make  -f CMakeFiles/cmTC_56ba7.dir/build.make CMakeFiles/cmTC_56ba7.dir/build
Building C object CMakeFiles/cmTC_56ba7.dir/CheckFunctionExists.c.o
/Applications/Xcode.app/Contents/Developer/Toolchains/XcodeDefault.xctoolchain/usr/bin/cc   -DCHECK_FUNCTION_EXISTS=pfm_initialize -isysroot /Applications/Xcode.app/Contents/Developer/Platforms/MacOSX.platform/Developer/SDKs/MacOSX11.1.sdk -mmacosx-version-min=10.15 -o CMakeFiles/cmTC_56ba7.dir/CheckFunctionExists.c.o -c /Applications/CMake.app/Contents/share/cmake-3.19/Modules/CheckFunctionExists.c
Linking C executable cmTC_56ba7
/Applications/CMake.app/Contents/bin/cmake -E cmake_link_script CMakeFiles/cmTC_56ba7.dir/link.txt --verbose=1
/Applications/Xcode.app/Contents/Developer/Toolchains/XcodeDefault.xctoolchain/usr/bin/cc  -DCHECK_FUNCTION_EXISTS=pfm_initialize -isysroot /Applications/Xcode.app/Contents/Developer/Platforms/MacOSX.platform/Developer/SDKs/MacOSX11.1.sdk -mmacosx-version-min=10.15 -Wl,-search_paths_first -Wl,-headerpad_max_install_names CMakeFiles/cmTC_56ba7.dir/CheckFunctionExists.c.o -o cmTC_56ba7  -lpfm 
ld: library not found for -lpfm
clang: error: linker command failed with exit code 1 (use -v to see invocation)
make[1]: *** [cmTC_56ba7] Error 1
make: *** [cmTC_56ba7/fast] Error 2



Determining if the posix_fallocate exist failed with the following output:
Change Dir: /Users/peyton/UROP/CloudCompiler/llvm-project/min_build/CMakeFiles/CMakeTmp

Run Build Command(s):/usr/bin/make cmTC_2e2ff/fast && /Applications/Xcode.app/Contents/Developer/usr/bin/make  -f CMakeFiles/cmTC_2e2ff.dir/build.make CMakeFiles/cmTC_2e2ff.dir/build
Building C object CMakeFiles/cmTC_2e2ff.dir/CheckSymbolExists.c.o
/Applications/Xcode.app/Contents/Developer/Toolchains/XcodeDefault.xctoolchain/usr/bin/cc   -Werror=unguarded-availability-new -isysroot /Applications/Xcode.app/Contents/Developer/Platforms/MacOSX.platform/Developer/SDKs/MacOSX11.1.sdk -mmacosx-version-min=10.15 -o CMakeFiles/cmTC_2e2ff.dir/CheckSymbolExists.c.o -c /Users/peyton/UROP/CloudCompiler/llvm-project/min_build/CMakeFiles/CMakeTmp/CheckSymbolExists.c
/Users/peyton/UROP/CloudCompiler/llvm-project/min_build/CMakeFiles/CMakeTmp/CheckSymbolExists.c:8:19: error: use of undeclared identifier 'posix_fallocate'
  return ((int*)(&posix_fallocate))[argc];
                  ^
1 error generated.
make[1]: *** [CMakeFiles/cmTC_2e2ff.dir/CheckSymbolExists.c.o] Error 1
make: *** [cmTC_2e2ff/fast] Error 2


File /Users/peyton/UROP/CloudCompiler/llvm-project/min_build/CMakeFiles/CMakeTmp/CheckSymbolExists.c:
/* */
#include <fcntl.h>

int main(int argc, char** argv)
{
  (void)argv;
#ifndef posix_fallocate
  return ((int*)(&posix_fallocate))[argc];
#else
  (void)argc;
  return 0;
#endif
}
Determining if the lseek64 exist failed with the following output:
Change Dir: /Users/peyton/UROP/CloudCompiler/llvm-project/min_build/CMakeFiles/CMakeTmp

Run Build Command(s):/usr/bin/make cmTC_93a0e/fast && /Applications/Xcode.app/Contents/Developer/usr/bin/make  -f CMakeFiles/cmTC_93a0e.dir/build.make CMakeFiles/cmTC_93a0e.dir/build
Building C object CMakeFiles/cmTC_93a0e.dir/CheckSymbolExists.c.o
/Applications/Xcode.app/Contents/Developer/Toolchains/XcodeDefault.xctoolchain/usr/bin/cc -D_LARGEFILE64_SOURCE  -Werror=unguarded-availability-new -isysroot /Applications/Xcode.app/Contents/Developer/Platforms/MacOSX.platform/Developer/SDKs/MacOSX11.1.sdk -mmacosx-version-min=10.15 -o CMakeFiles/cmTC_93a0e.dir/CheckSymbolExists.c.o -c /Users/peyton/UROP/CloudCompiler/llvm-project/min_build/CMakeFiles/CMakeTmp/CheckSymbolExists.c
/Users/peyton/UROP/CloudCompiler/llvm-project/min_build/CMakeFiles/CMakeTmp/CheckSymbolExists.c:9:19: error: use of undeclared identifier 'lseek64'; did you mean 'lseek'?
  return ((int*)(&lseek64))[argc];
                  ^~~~~~~
                  lseek
/Applications/Xcode.app/Contents/Developer/Platforms/MacOSX.platform/Developer/SDKs/MacOSX11.1.sdk/usr/include/unistd.h:465:8: note: 'lseek' declared here
off_t    lseek(int, off_t, int);
         ^
1 error generated.
make[1]: *** [CMakeFiles/cmTC_93a0e.dir/CheckSymbolExists.c.o] Error 1
make: *** [cmTC_93a0e/fast] Error 2


File /Users/peyton/UROP/CloudCompiler/llvm-project/min_build/CMakeFiles/CMakeTmp/CheckSymbolExists.c:
/* */
#include <sys/types.h>
#include <unistd.h>

int main(int argc, char** argv)
{
  (void)argv;
#ifndef lseek64
  return ((int*)(&lseek64))[argc];
#else
  (void)argc;
  return 0;
#endif
}
Determining if the mallctl exist failed with the following output:
Change Dir: /Users/peyton/UROP/CloudCompiler/llvm-project/min_build/CMakeFiles/CMakeTmp

Run Build Command(s):/usr/bin/make cmTC_c1429/fast && /Applications/Xcode.app/Contents/Developer/usr/bin/make  -f CMakeFiles/cmTC_c1429.dir/build.make CMakeFiles/cmTC_c1429.dir/build
Building C object CMakeFiles/cmTC_c1429.dir/CheckSymbolExists.c.o
/Applications/Xcode.app/Contents/Developer/Toolchains/XcodeDefault.xctoolchain/usr/bin/cc   -Werror=unguarded-availability-new -isysroot /Applications/Xcode.app/Contents/Developer/Platforms/MacOSX.platform/Developer/SDKs/MacOSX11.1.sdk -mmacosx-version-min=10.15 -o CMakeFiles/cmTC_c1429.dir/CheckSymbolExists.c.o -c /Users/peyton/UROP/CloudCompiler/llvm-project/min_build/CMakeFiles/CMakeTmp/CheckSymbolExists.c
/Users/peyton/UROP/CloudCompiler/llvm-project/min_build/CMakeFiles/CMakeTmp/CheckSymbolExists.c:2:10: fatal error: 'malloc_np.h' file not found
#include <malloc_np.h>
         ^~~~~~~~~~~~~
1 error generated.
make[1]: *** [CMakeFiles/cmTC_c1429.dir/CheckSymbolExists.c.o] Error 1
make: *** [cmTC_c1429/fast] Error 2


File /Users/peyton/UROP/CloudCompiler/llvm-project/min_build/CMakeFiles/CMakeTmp/CheckSymbolExists.c:
/* */
#include <malloc_np.h>

int main(int argc, char** argv)
{
  (void)argv;
#ifndef mallctl
  return ((int*)(&mallctl))[argc];
#else
  (void)argc;
  return 0;
#endif
}
Determining if the mallinfo exist failed with the following output:
Change Dir: /Users/peyton/UROP/CloudCompiler/llvm-project/min_build/CMakeFiles/CMakeTmp

Run Build Command(s):/usr/bin/make cmTC_60961/fast && /Applications/Xcode.app/Contents/Developer/usr/bin/make  -f CMakeFiles/cmTC_60961.dir/build.make CMakeFiles/cmTC_60961.dir/build
Building C object CMakeFiles/cmTC_60961.dir/CheckSymbolExists.c.o
/Applications/Xcode.app/Contents/Developer/Toolchains/XcodeDefault.xctoolchain/usr/bin/cc   -Werror=unguarded-availability-new -isysroot /Applications/Xcode.app/Contents/Developer/Platforms/MacOSX.platform/Developer/SDKs/MacOSX11.1.sdk -mmacosx-version-min=10.15 -o CMakeFiles/cmTC_60961.dir/CheckSymbolExists.c.o -c /Users/peyton/UROP/CloudCompiler/llvm-project/min_build/CMakeFiles/CMakeTmp/CheckSymbolExists.c
/Users/peyton/UROP/CloudCompiler/llvm-project/min_build/CMakeFiles/CMakeTmp/CheckSymbolExists.c:2:10: fatal error: 'malloc.h' file not found
#include <malloc.h>
         ^~~~~~~~~~
1 error generated.
make[1]: *** [CMakeFiles/cmTC_60961.dir/CheckSymbolExists.c.o] Error 1
make: *** [cmTC_60961/fast] Error 2


File /Users/peyton/UROP/CloudCompiler/llvm-project/min_build/CMakeFiles/CMakeTmp/CheckSymbolExists.c:
/* */
#include <malloc.h>

int main(int argc, char** argv)
{
  (void)argv;
#ifndef mallinfo
  return ((int*)(&mallinfo))[argc];
#else
  (void)argc;
  return 0;
#endif
}
Determining if the strerror_s exist failed with the following output:
Change Dir: /Users/peyton/UROP/CloudCompiler/llvm-project/min_build/CMakeFiles/CMakeTmp

Run Build Command(s):/usr/bin/make cmTC_674b5/fast && /Applications/Xcode.app/Contents/Developer/usr/bin/make  -f CMakeFiles/cmTC_674b5.dir/build.make CMakeFiles/cmTC_674b5.dir/build
Building C object CMakeFiles/cmTC_674b5.dir/CheckSymbolExists.c.o
/Applications/Xcode.app/Contents/Developer/Toolchains/XcodeDefault.xctoolchain/usr/bin/cc   -Werror=unguarded-availability-new -isysroot /Applications/Xcode.app/Contents/Developer/Platforms/MacOSX.platform/Developer/SDKs/MacOSX11.1.sdk -mmacosx-version-min=10.15 -o CMakeFiles/cmTC_674b5.dir/CheckSymbolExists.c.o -c /Users/peyton/UROP/CloudCompiler/llvm-project/min_build/CMakeFiles/CMakeTmp/CheckSymbolExists.c
/Users/peyton/UROP/CloudCompiler/llvm-project/min_build/CMakeFiles/CMakeTmp/CheckSymbolExists.c:8:19: error: use of undeclared identifier 'strerror_s'; did you mean 'strerror_r'?
  return ((int*)(&strerror_s))[argc];
                  ^~~~~~~~~~
                  strerror_r
/Applications/Xcode.app/Contents/Developer/Platforms/MacOSX.platform/Developer/SDKs/MacOSX11.1.sdk/usr/include/string.h:116:6: note: 'strerror_r' declared here
int      strerror_r(int __errnum, char *__strerrbuf, size_t __buflen);
         ^
1 error generated.
make[1]: *** [CMakeFiles/cmTC_674b5.dir/CheckSymbolExists.c.o] Error 1
make: *** [cmTC_674b5/fast] Error 2


File /Users/peyton/UROP/CloudCompiler/llvm-project/min_build/CMakeFiles/CMakeTmp/CheckSymbolExists.c:
/* */
#include <string.h>

int main(int argc, char** argv)
{
  (void)argv;
#ifndef strerror_s
  return ((int*)(&strerror_s))[argc];
#else
  (void)argc;
  return 0;
#endif
}
Performing C SOURCE FILE Test HAVE_STRUCT_STAT_ST_MTIM_TV_NSEC failed with the following output:
Change Dir: /Users/peyton/UROP/CloudCompiler/llvm-project/min_build/CMakeFiles/CMakeTmp

Run Build Command(s):/usr/bin/make cmTC_e9ad3/fast && /Applications/Xcode.app/Contents/Developer/usr/bin/make  -f CMakeFiles/cmTC_e9ad3.dir/build.make CMakeFiles/cmTC_e9ad3.dir/build
Building C object CMakeFiles/cmTC_e9ad3.dir/src.c.o
/Applications/Xcode.app/Contents/Developer/Toolchains/XcodeDefault.xctoolchain/usr/bin/cc -DHAVE_STRUCT_STAT_ST_MTIM_TV_NSEC  -Werror=unguarded-availability-new -isysroot /Applications/Xcode.app/Contents/Developer/Platforms/MacOSX.platform/Developer/SDKs/MacOSX11.1.sdk -mmacosx-version-min=10.15 -o CMakeFiles/cmTC_e9ad3.dir/src.c.o -c /Users/peyton/UROP/CloudCompiler/llvm-project/min_build/CMakeFiles/CMakeTmp/src.c
/Users/peyton/UROP/CloudCompiler/llvm-project/min_build/CMakeFiles/CMakeTmp/src.c:7:36: error: no member named 'st_mtim' in 'struct stat'
  (void)sizeof(((struct stat *)0)->st_mtim.tv_nsec);
               ~~~~~~~~~~~~~~~~~~  ^
1 error generated.
make[1]: *** [CMakeFiles/cmTC_e9ad3.dir/src.c.o] Error 1
make: *** [cmTC_e9ad3/fast] Error 2


Source file was:

#include <sys/types.h>
#include <sys/stat.h>

int main()
{
  (void)sizeof(((struct stat *)0)->st_mtim.tv_nsec);
  return 0;
}

Determining if the __GLIBC__ exist failed with the following output:
Change Dir: /Users/peyton/UROP/CloudCompiler/llvm-project/min_build/CMakeFiles/CMakeTmp

Run Build Command(s):/usr/bin/make cmTC_0a947/fast && /Applications/Xcode.app/Contents/Developer/usr/bin/make  -f CMakeFiles/cmTC_0a947.dir/build.make CMakeFiles/cmTC_0a947.dir/build
Building C object CMakeFiles/cmTC_0a947.dir/CheckSymbolExists.c.o
/Applications/Xcode.app/Contents/Developer/Toolchains/XcodeDefault.xctoolchain/usr/bin/cc   -Werror=unguarded-availability-new -isysroot /Applications/Xcode.app/Contents/Developer/Platforms/MacOSX.platform/Developer/SDKs/MacOSX11.1.sdk -mmacosx-version-min=10.15 -o CMakeFiles/cmTC_0a947.dir/CheckSymbolExists.c.o -c /Users/peyton/UROP/CloudCompiler/llvm-project/min_build/CMakeFiles/CMakeTmp/CheckSymbolExists.c
/Users/peyton/UROP/CloudCompiler/llvm-project/min_build/CMakeFiles/CMakeTmp/CheckSymbolExists.c:8:19: error: use of undeclared identifier '__GLIBC__'
  return ((int*)(&__GLIBC__))[argc];
                  ^
1 error generated.
make[1]: *** [CMakeFiles/cmTC_0a947.dir/CheckSymbolExists.c.o] Error 1
make: *** [cmTC_0a947/fast] Error 2


File /Users/peyton/UROP/CloudCompiler/llvm-project/min_build/CMakeFiles/CMakeTmp/CheckSymbolExists.c:
/* */
#include <stdio.h>

int main(int argc, char** argv)
{
  (void)argv;
#ifndef __GLIBC__
  return ((int*)(&__GLIBC__))[argc];
#else
  (void)argc;
  return 0;
#endif
}
Performing C++ SOURCE FILE Test CXX_SUPPORTS_CLASS_MEMACCESS_FLAG failed with the following output:
Change Dir: /Users/peyton/UROP/CloudCompiler/llvm-project/min_build/CMakeFiles/CMakeTmp

Run Build Command(s):/usr/bin/make cmTC_66924/fast && /Applications/Xcode.app/Contents/Developer/usr/bin/make  -f CMakeFiles/cmTC_66924.dir/build.make CMakeFiles/cmTC_66924.dir/build
Building CXX object CMakeFiles/cmTC_66924.dir/src.cxx.o
/Applications/Xcode.app/Contents/Developer/Toolchains/XcodeDefault.xctoolchain/usr/bin/c++ -DCXX_SUPPORTS_CLASS_MEMACCESS_FLAG  -fPIC -fvisibility-inlines-hidden -Werror=date-time -Werror=unguarded-availability-new -Wall -Wextra -Wno-unused-parameter -Wwrite-strings -Wcast-qual -Wmissing-field-initializers -pedantic -Wno-long-long -Wimplicit-fallthrough -Wcovered-switch-default  -Werror=unguarded-availability-new -isysroot /Applications/Xcode.app/Contents/Developer/Platforms/MacOSX.platform/Developer/SDKs/MacOSX11.1.sdk -mmacosx-version-min=10.15   -Wclass-memaccess -std=c++14 -o CMakeFiles/cmTC_66924.dir/src.cxx.o -c /Users/peyton/UROP/CloudCompiler/llvm-project/min_build/CMakeFiles/CMakeTmp/src.cxx
warning: unknown warning option '-Wclass-memaccess'; did you mean '-Wclass-varargs'? [-Wunknown-warning-option]
1 warning generated.
Linking CXX executable cmTC_66924
/Applications/CMake.app/Contents/bin/cmake -E cmake_link_script CMakeFiles/cmTC_66924.dir/link.txt --verbose=1
/Applications/Xcode.app/Contents/Developer/Toolchains/XcodeDefault.xctoolchain/usr/bin/c++  -fPIC -fvisibility-inlines-hidden -Werror=date-time -Werror=unguarded-availability-new -Wall -Wextra -Wno-unused-parameter -Wwrite-strings -Wcast-qual -Wmissing-field-initializers -pedantic -Wno-long-long -Wimplicit-fallthrough -Wcovered-switch-default  -Werror=unguarded-availability-new -isysroot /Applications/Xcode.app/Contents/Developer/Platforms/MacOSX.platform/Developer/SDKs/MacOSX11.1.sdk -mmacosx-version-min=10.15 -Wl,-search_paths_first -Wl,-headerpad_max_install_names CMakeFiles/cmTC_66924.dir/src.cxx.o -o cmTC_66924 


Source file was:
int main() { return 0; }
Performing C++ SOURCE FILE Test CXX_SUPPORTS_SUGGEST_OVERRIDE_FLAG failed with the following output:
Change Dir: /Users/peyton/UROP/CloudCompiler/llvm-project/min_build/CMakeFiles/CMakeTmp

Run Build Command(s):/usr/bin/make cmTC_d43e9/fast && /Applications/Xcode.app/Contents/Developer/usr/bin/make  -f CMakeFiles/cmTC_d43e9.dir/build.make CMakeFiles/cmTC_d43e9.dir/build
Building CXX object CMakeFiles/cmTC_d43e9.dir/src.cxx.o
/Applications/Xcode.app/Contents/Developer/Toolchains/XcodeDefault.xctoolchain/usr/bin/c++ -DCXX_SUPPORTS_SUGGEST_OVERRIDE_FLAG  -fPIC -fvisibility-inlines-hidden -Werror=date-time -Werror=unguarded-availability-new -Wall -Wextra -Wno-unused-parameter -Wwrite-strings -Wcast-qual -Wmissing-field-initializers -pedantic -Wno-long-long -Wimplicit-fallthrough -Wcovered-switch-default -Wno-noexcept-type -Wnon-virtual-dtor -Wdelete-non-virtual-dtor  -Werror=unguarded-availability-new -isysroot /Applications/Xcode.app/Contents/Developer/Platforms/MacOSX.platform/Developer/SDKs/MacOSX11.1.sdk -mmacosx-version-min=10.15   -Wsuggest-override -std=c++14 -o CMakeFiles/cmTC_d43e9.dir/src.cxx.o -c /Users/peyton/UROP/CloudCompiler/llvm-project/min_build/CMakeFiles/CMakeTmp/src.cxx
warning: unknown warning option '-Wsuggest-override'; did you mean '-Wshift-overflow'? [-Wunknown-warning-option]
1 warning generated.
Linking CXX executable cmTC_d43e9
/Applications/CMake.app/Contents/bin/cmake -E cmake_link_script CMakeFiles/cmTC_d43e9.dir/link.txt --verbose=1
/Applications/Xcode.app/Contents/Developer/Toolchains/XcodeDefault.xctoolchain/usr/bin/c++  -fPIC -fvisibility-inlines-hidden -Werror=date-time -Werror=unguarded-availability-new -Wall -Wextra -Wno-unused-parameter -Wwrite-strings -Wcast-qual -Wmissing-field-initializers -pedantic -Wno-long-long -Wimplicit-fallthrough -Wcovered-switch-default -Wno-noexcept-type -Wnon-virtual-dtor -Wdelete-non-virtual-dtor  -Werror=unguarded-availability-new -isysroot /Applications/Xcode.app/Contents/Developer/Platforms/MacOSX.platform/Developer/SDKs/MacOSX11.1.sdk -mmacosx-version-min=10.15 -Wl,-search_paths_first -Wl,-headerpad_max_install_names CMakeFiles/cmTC_d43e9.dir/src.cxx.o -o cmTC_d43e9 


Source file was:
int main() { return 0; }
